2020-11-13T11:31:23,882  WARN PrepareForSimImpl:222 'usePersonIdForMissingVehicleId' is deprecated. It will be removed soon.
2020-11-13T11:31:23,897  WARN PreProcessEuclidean:59 There are links with stored length smaller than their Euclidean distance in this network. Thus, A* cannot guarantee to calculate the least-cost paths between two nodes.
2020-11-13T11:31:23,909  WARN RandomizingTimeDistanceTravelDisutilityFactory:112 There will be no routing randomness. The randomization of the travel disutility requires the monetary distance rate to be different than zero. Continuing anyway.
2020-11-13T11:31:23,909  WARN RandomizingTimeDistanceTravelDisutilityFactory:117 There will be no routing randomness. The randomization of the travel disutility requires the travel time cost rate to be different than zero. Continuing anyway.
2020-11-13T11:31:23,912  WARN PreProcessEuclidean:59 There are links with stored length smaller than their Euclidean distance in this network. Thus, A* cannot guarantee to calculate the least-cost paths between two nodes.
2020-11-13T11:31:23,918  WARN PreProcessEuclidean:59 There are links with stored length smaller than their Euclidean distance in this network. Thus, A* cannot guarantee to calculate the least-cost paths between two nodes.
2020-11-13T11:31:24,116  WARN ObjectAttributesConverter:77 No AttributeConverter found for class java.util.Collections$UnmodifiableMap. Not all attribute values can be converted.
2020-11-13T11:31:24,269  WARN PreProcessEuclidean:59 There are links with stored length smaller than their Euclidean distance in this network. Thus, A* cannot guarantee to calculate the least-cost paths between two nodes.
2020-11-13T11:31:24,311  WARN EditTrips:111 no TransitStopAgentTracker found in qsim. Replanning of pt/transit legs will not work properly and will likely fail.
2020-11-13T11:31:24,341  WARN PreplanningEngine:118 registering TripInfo.Provider for mode=taxi
2020-11-13T11:31:26,523 ERROR AbstractController:209 Mobsim did not complete normally! afterMobsimListeners will be called anyway.
java.lang.NullPointerException: Link id=20 does not exist
	at com.google.common.base.Preconditions.checkNotNull(Preconditions.java:987) ~[guava-28.2-jre.jar:?]
	at org.matsim.contrib.dvrp.passenger.PassengerEngine.getLink(PassengerEngine.java:212) ~[dvrp-12.0-SNAPSHOT.jar:?]
	at org.matsim.contrib.dvrp.passenger.PassengerEngine.handleDeparture(PassengerEngine.java:175) ~[dvrp-12.0-SNAPSHOT.jar:?]
	at org.matsim.core.mobsim.qsim.QSim.arrangeAgentDeparture(QSim.java:493) ~[matsim-12.0-SNAPSHOT.jar:?]
	at org.matsim.core.mobsim.qsim.QSim.arrangeNextAgentAction(QSim.java:455) ~[matsim-12.0-SNAPSHOT.jar:?]
	at org.matsim.core.mobsim.qsim.QSim$1.arrangeNextAgentState(QSim.java:162) ~[matsim-12.0-SNAPSHOT.jar:?]
	at org.matsim.core.mobsim.qsim.ActivityEngineDefaultImpl.doSimStep(ActivityEngineDefaultImpl.java:108) ~[matsim-12.0-SNAPSHOT.jar:?]
	at org.matsim.core.mobsim.qsim.QSim.doSimStep(QSim.java:408) ~[matsim-12.0-SNAPSHOT.jar:?]
	at org.matsim.core.mobsim.qsim.QSim.run(QSim.java:267) ~[matsim-12.0-SNAPSHOT.jar:?]
	at org.matsim.core.controler.NewControler.runMobSim(NewControler.java:124) ~[matsim-12.0-SNAPSHOT.jar:?]
	at org.matsim.core.controler.AbstractController$8.run(AbstractController.java:198) ~[matsim-12.0-SNAPSHOT.jar:?]
	at org.matsim.core.controler.AbstractController.iterationStep(AbstractController.java:230) ~[matsim-12.0-SNAPSHOT.jar:?]
	at org.matsim.core.controler.AbstractController.mobsim(AbstractController.java:194) [matsim-12.0-SNAPSHOT.jar:?]
	at org.matsim.core.controler.AbstractController.iteration(AbstractController.java:145) [matsim-12.0-SNAPSHOT.jar:?]
	at org.matsim.core.controler.AbstractController.doIterations(AbstractController.java:113) [matsim-12.0-SNAPSHOT.jar:?]
	at org.matsim.core.controler.AbstractController$1.run(AbstractController.java:80) [matsim-12.0-SNAPSHOT.jar:?]
	at org.matsim.core.controler.MatsimRuntimeModifications.run(MatsimRuntimeModifications.java:69) [matsim-12.0-SNAPSHOT.jar:?]
	at org.matsim.core.controler.MatsimRuntimeModifications.run(MatsimRuntimeModifications.java:52) [matsim-12.0-SNAPSHOT.jar:?]
	at org.matsim.core.controler.AbstractController.run(AbstractController.java:88) [matsim-12.0-SNAPSHOT.jar:?]
	at org.matsim.core.controler.NewControler.run(NewControler.java:82) [matsim-12.0-SNAPSHOT.jar:?]
	at org.matsim.core.controler.Controler.run(Controler.java:249) [matsim-12.0-SNAPSHOT.jar:?]
	at org.matsim.maas.taxi.RunTaxiExample.run(RunTaxiExample.java:76) [classes/:?]
	at org.matsim.maas.taxi.TaxiTest.runRulebasedTaxiScenario(TaxiTest.java:31) [test-classes/:?]
	at jdk.internal.reflect.NativeMethodAccessorImpl.invoke0(Native Method) ~[?:?]
	at jdk.internal.reflect.NativeMethodAccessorImpl.invoke(NativeMethodAccessorImpl.java:62) ~[?:?]
	at jdk.internal.reflect.DelegatingMethodAccessorImpl.invoke(DelegatingMethodAccessorImpl.java:43) ~[?:?]
	at java.lang.reflect.Method.invoke(Method.java:564) ~[?:?]
	at org.junit.runners.model.FrameworkMethod$1.runReflectiveCall(FrameworkMethod.java:50) [junit-4.12.jar:4.12]
	at org.junit.internal.runners.model.ReflectiveCallable.run(ReflectiveCallable.java:12) [junit-4.12.jar:4.12]
	at org.junit.runners.model.FrameworkMethod.invokeExplosively(FrameworkMethod.java:47) [junit-4.12.jar:4.12]
	at org.junit.internal.runners.statements.InvokeMethod.evaluate(InvokeMethod.java:17) [junit-4.12.jar:4.12]
	at org.junit.runners.ParentRunner.runLeaf(ParentRunner.java:325) [junit-4.12.jar:4.12]
	at org.junit.runners.BlockJUnit4ClassRunner.runChild(BlockJUnit4ClassRunner.java:78) [junit-4.12.jar:4.12]
	at org.junit.runners.BlockJUnit4ClassRunner.runChild(BlockJUnit4ClassRunner.java:57) [junit-4.12.jar:4.12]
	at org.junit.runners.ParentRunner$3.run(ParentRunner.java:290) [junit-4.12.jar:4.12]
	at org.junit.runners.ParentRunner$1.schedule(ParentRunner.java:71) [junit-4.12.jar:4.12]
	at org.junit.runners.ParentRunner.runChildren(ParentRunner.java:288) [junit-4.12.jar:4.12]
	at org.junit.runners.ParentRunner.access$000(ParentRunner.java:58) [junit-4.12.jar:4.12]
	at org.junit.runners.ParentRunner$2.evaluate(ParentRunner.java:268) [junit-4.12.jar:4.12]
	at org.junit.runners.ParentRunner.run(ParentRunner.java:363) [junit-4.12.jar:4.12]
	at org.eclipse.jdt.internal.junit4.runner.JUnit4TestReference.run(JUnit4TestReference.java:89) [.cp/:?]
	at org.eclipse.jdt.internal.junit.runner.TestExecution.run(TestExecution.java:41) [.cp/:?]
	at org.eclipse.jdt.internal.junit.runner.RemoteTestRunner.runTests(RemoteTestRunner.java:542) [.cp/:?]
	at org.eclipse.jdt.internal.junit.runner.RemoteTestRunner.runTests(RemoteTestRunner.java:770) [.cp/:?]
	at org.eclipse.jdt.internal.junit.runner.RemoteTestRunner.run(RemoteTestRunner.java:464) [.cp/:?]
	at org.eclipse.jdt.internal.junit.runner.RemoteTestRunner.main(RemoteTestRunner.java:210) [.cp/:?]
2020-11-13T11:31:26,538 ERROR MatsimRuntimeModifications:75 Getting uncaught Exception in Thread main
java.lang.NullPointerException: Link id=20 does not exist
	at com.google.common.base.Preconditions.checkNotNull(Preconditions.java:987) ~[guava-28.2-jre.jar:?]
	at org.matsim.contrib.dvrp.passenger.PassengerEngine.getLink(PassengerEngine.java:212) ~[dvrp-12.0-SNAPSHOT.jar:?]
	at org.matsim.contrib.dvrp.passenger.PassengerEngine.handleDeparture(PassengerEngine.java:175) ~[dvrp-12.0-SNAPSHOT.jar:?]
	at org.matsim.core.mobsim.qsim.QSim.arrangeAgentDeparture(QSim.java:493) ~[matsim-12.0-SNAPSHOT.jar:?]
	at org.matsim.core.mobsim.qsim.QSim.arrangeNextAgentAction(QSim.java:455) ~[matsim-12.0-SNAPSHOT.jar:?]
	at org.matsim.core.mobsim.qsim.QSim$1.arrangeNextAgentState(QSim.java:162) ~[matsim-12.0-SNAPSHOT.jar:?]
	at org.matsim.core.mobsim.qsim.ActivityEngineDefaultImpl.doSimStep(ActivityEngineDefaultImpl.java:108) ~[matsim-12.0-SNAPSHOT.jar:?]
	at org.matsim.core.mobsim.qsim.QSim.doSimStep(QSim.java:408) ~[matsim-12.0-SNAPSHOT.jar:?]
	at org.matsim.core.mobsim.qsim.QSim.run(QSim.java:267) ~[matsim-12.0-SNAPSHOT.jar:?]
	at org.matsim.core.controler.NewControler.runMobSim(NewControler.java:124) ~[matsim-12.0-SNAPSHOT.jar:?]
	at org.matsim.core.controler.AbstractController$8.run(AbstractController.java:198) ~[matsim-12.0-SNAPSHOT.jar:?]
	at org.matsim.core.controler.AbstractController.iterationStep(AbstractController.java:230) ~[matsim-12.0-SNAPSHOT.jar:?]
	at org.matsim.core.controler.AbstractController.mobsim(AbstractController.java:194) ~[matsim-12.0-SNAPSHOT.jar:?]
	at org.matsim.core.controler.AbstractController.iteration(AbstractController.java:145) ~[matsim-12.0-SNAPSHOT.jar:?]
	at org.matsim.core.controler.AbstractController.doIterations(AbstractController.java:113) ~[matsim-12.0-SNAPSHOT.jar:?]
	at org.matsim.core.controler.AbstractController$1.run(AbstractController.java:80) ~[matsim-12.0-SNAPSHOT.jar:?]
	at org.matsim.core.controler.MatsimRuntimeModifications.run(MatsimRuntimeModifications.java:69) [matsim-12.0-SNAPSHOT.jar:?]
	at org.matsim.core.controler.MatsimRuntimeModifications.run(MatsimRuntimeModifications.java:52) [matsim-12.0-SNAPSHOT.jar:?]
	at org.matsim.core.controler.AbstractController.run(AbstractController.java:88) [matsim-12.0-SNAPSHOT.jar:?]
	at org.matsim.core.controler.NewControler.run(NewControler.java:82) [matsim-12.0-SNAPSHOT.jar:?]
	at org.matsim.core.controler.Controler.run(Controler.java:249) [matsim-12.0-SNAPSHOT.jar:?]
	at org.matsim.maas.taxi.RunTaxiExample.run(RunTaxiExample.java:76) [classes/:?]
	at org.matsim.maas.taxi.TaxiTest.runRulebasedTaxiScenario(TaxiTest.java:31) [test-classes/:?]
	at jdk.internal.reflect.NativeMethodAccessorImpl.invoke0(Native Method) ~[?:?]
	at jdk.internal.reflect.NativeMethodAccessorImpl.invoke(NativeMethodAccessorImpl.java:62) ~[?:?]
	at jdk.internal.reflect.DelegatingMethodAccessorImpl.invoke(DelegatingMethodAccessorImpl.java:43) ~[?:?]
	at java.lang.reflect.Method.invoke(Method.java:564) ~[?:?]
	at org.junit.runners.model.FrameworkMethod$1.runReflectiveCall(FrameworkMethod.java:50) [junit-4.12.jar:4.12]
	at org.junit.internal.runners.model.ReflectiveCallable.run(ReflectiveCallable.java:12) [junit-4.12.jar:4.12]
	at org.junit.runners.model.FrameworkMethod.invokeExplosively(FrameworkMethod.java:47) [junit-4.12.jar:4.12]
	at org.junit.internal.runners.statements.InvokeMethod.evaluate(InvokeMethod.java:17) [junit-4.12.jar:4.12]
	at org.junit.runners.ParentRunner.runLeaf(ParentRunner.java:325) [junit-4.12.jar:4.12]
	at org.junit.runners.BlockJUnit4ClassRunner.runChild(BlockJUnit4ClassRunner.java:78) [junit-4.12.jar:4.12]
	at org.junit.runners.BlockJUnit4ClassRunner.runChild(BlockJUnit4ClassRunner.java:57) [junit-4.12.jar:4.12]
	at org.junit.runners.ParentRunner$3.run(ParentRunner.java:290) [junit-4.12.jar:4.12]
	at org.junit.runners.ParentRunner$1.schedule(ParentRunner.java:71) [junit-4.12.jar:4.12]
	at org.junit.runners.ParentRunner.runChildren(ParentRunner.java:288) [junit-4.12.jar:4.12]
	at org.junit.runners.ParentRunner.access$000(ParentRunner.java:58) [junit-4.12.jar:4.12]
	at org.junit.runners.ParentRunner$2.evaluate(ParentRunner.java:268) [junit-4.12.jar:4.12]
	at org.junit.runners.ParentRunner.run(ParentRunner.java:363) [junit-4.12.jar:4.12]
	at org.eclipse.jdt.internal.junit4.runner.JUnit4TestReference.run(JUnit4TestReference.java:89) [.cp/:?]
	at org.eclipse.jdt.internal.junit.runner.TestExecution.run(TestExecution.java:41) [.cp/:?]
	at org.eclipse.jdt.internal.junit.runner.RemoteTestRunner.runTests(RemoteTestRunner.java:542) [.cp/:?]
	at org.eclipse.jdt.internal.junit.runner.RemoteTestRunner.runTests(RemoteTestRunner.java:770) [.cp/:?]
	at org.eclipse.jdt.internal.junit.runner.RemoteTestRunner.run(RemoteTestRunner.java:464) [.cp/:?]
	at org.eclipse.jdt.internal.junit.runner.RemoteTestRunner.main(RemoteTestRunner.java:210) [.cp/:?]
2020-11-13T11:31:26,539 ERROR MatsimRuntimeModifications:81 ERROR --- This is an unexpected shutdown!
2020-11-13T11:31:26,539 ERROR MatsimRuntimeModifications:84 Shutdown possibly caused by the following Exception:
java.lang.NullPointerException: Link id=20 does not exist
	at com.google.common.base.Preconditions.checkNotNull(Preconditions.java:987) ~[guava-28.2-jre.jar:?]
	at org.matsim.contrib.dvrp.passenger.PassengerEngine.getLink(PassengerEngine.java:212) ~[dvrp-12.0-SNAPSHOT.jar:?]
	at org.matsim.contrib.dvrp.passenger.PassengerEngine.handleDeparture(PassengerEngine.java:175) ~[dvrp-12.0-SNAPSHOT.jar:?]
	at org.matsim.core.mobsim.qsim.QSim.arrangeAgentDeparture(QSim.java:493) ~[matsim-12.0-SNAPSHOT.jar:?]
	at org.matsim.core.mobsim.qsim.QSim.arrangeNextAgentAction(QSim.java:455) ~[matsim-12.0-SNAPSHOT.jar:?]
	at org.matsim.core.mobsim.qsim.QSim$1.arrangeNextAgentState(QSim.java:162) ~[matsim-12.0-SNAPSHOT.jar:?]
	at org.matsim.core.mobsim.qsim.ActivityEngineDefaultImpl.doSimStep(ActivityEngineDefaultImpl.java:108) ~[matsim-12.0-SNAPSHOT.jar:?]
	at org.matsim.core.mobsim.qsim.QSim.doSimStep(QSim.java:408) ~[matsim-12.0-SNAPSHOT.jar:?]
	at org.matsim.core.mobsim.qsim.QSim.run(QSim.java:267) ~[matsim-12.0-SNAPSHOT.jar:?]
	at org.matsim.core.controler.NewControler.runMobSim(NewControler.java:124) ~[matsim-12.0-SNAPSHOT.jar:?]
	at org.matsim.core.controler.AbstractController$8.run(AbstractController.java:198) ~[matsim-12.0-SNAPSHOT.jar:?]
	at org.matsim.core.controler.AbstractController.iterationStep(AbstractController.java:230) ~[matsim-12.0-SNAPSHOT.jar:?]
	at org.matsim.core.controler.AbstractController.mobsim(AbstractController.java:194) ~[matsim-12.0-SNAPSHOT.jar:?]
	at org.matsim.core.controler.AbstractController.iteration(AbstractController.java:145) ~[matsim-12.0-SNAPSHOT.jar:?]
	at org.matsim.core.controler.AbstractController.doIterations(AbstractController.java:113) ~[matsim-12.0-SNAPSHOT.jar:?]
	at org.matsim.core.controler.AbstractController$1.run(AbstractController.java:80) ~[matsim-12.0-SNAPSHOT.jar:?]
	at org.matsim.core.controler.MatsimRuntimeModifications.run(MatsimRuntimeModifications.java:69) [matsim-12.0-SNAPSHOT.jar:?]
	at org.matsim.core.controler.MatsimRuntimeModifications.run(MatsimRuntimeModifications.java:52) [matsim-12.0-SNAPSHOT.jar:?]
	at org.matsim.core.controler.AbstractController.run(AbstractController.java:88) [matsim-12.0-SNAPSHOT.jar:?]
	at org.matsim.core.controler.NewControler.run(NewControler.java:82) [matsim-12.0-SNAPSHOT.jar:?]
	at org.matsim.core.controler.Controler.run(Controler.java:249) [matsim-12.0-SNAPSHOT.jar:?]
	at org.matsim.maas.taxi.RunTaxiExample.run(RunTaxiExample.java:76) [classes/:?]
	at org.matsim.maas.taxi.TaxiTest.runRulebasedTaxiScenario(TaxiTest.java:31) [test-classes/:?]
	at jdk.internal.reflect.NativeMethodAccessorImpl.invoke0(Native Method) ~[?:?]
	at jdk.internal.reflect.NativeMethodAccessorImpl.invoke(NativeMethodAccessorImpl.java:62) ~[?:?]
	at jdk.internal.reflect.DelegatingMethodAccessorImpl.invoke(DelegatingMethodAccessorImpl.java:43) ~[?:?]
	at java.lang.reflect.Method.invoke(Method.java:564) ~[?:?]
	at org.junit.runners.model.FrameworkMethod$1.runReflectiveCall(FrameworkMethod.java:50) [junit-4.12.jar:4.12]
	at org.junit.internal.runners.model.ReflectiveCallable.run(ReflectiveCallable.java:12) [junit-4.12.jar:4.12]
	at org.junit.runners.model.FrameworkMethod.invokeExplosively(FrameworkMethod.java:47) [junit-4.12.jar:4.12]
	at org.junit.internal.runners.statements.InvokeMethod.evaluate(InvokeMethod.java:17) [junit-4.12.jar:4.12]
	at org.junit.runners.ParentRunner.runLeaf(ParentRunner.java:325) [junit-4.12.jar:4.12]
	at org.junit.runners.BlockJUnit4ClassRunner.runChild(BlockJUnit4ClassRunner.java:78) [junit-4.12.jar:4.12]
	at org.junit.runners.BlockJUnit4ClassRunner.runChild(BlockJUnit4ClassRunner.java:57) [junit-4.12.jar:4.12]
	at org.junit.runners.ParentRunner$3.run(ParentRunner.java:290) [junit-4.12.jar:4.12]
	at org.junit.runners.ParentRunner$1.schedule(ParentRunner.java:71) [junit-4.12.jar:4.12]
	at org.junit.runners.ParentRunner.runChildren(ParentRunner.java:288) [junit-4.12.jar:4.12]
	at org.junit.runners.ParentRunner.access$000(ParentRunner.java:58) [junit-4.12.jar:4.12]
	at org.junit.runners.ParentRunner$2.evaluate(ParentRunner.java:268) [junit-4.12.jar:4.12]
	at org.junit.runners.ParentRunner.run(ParentRunner.java:363) [junit-4.12.jar:4.12]
	at org.eclipse.jdt.internal.junit4.runner.JUnit4TestReference.run(JUnit4TestReference.java:89) [.cp/:?]
	at org.eclipse.jdt.internal.junit.runner.TestExecution.run(TestExecution.java:41) [.cp/:?]
	at org.eclipse.jdt.internal.junit.runner.RemoteTestRunner.runTests(RemoteTestRunner.java:542) [.cp/:?]
	at org.eclipse.jdt.internal.junit.runner.RemoteTestRunner.runTests(RemoteTestRunner.java:770) [.cp/:?]
	at org.eclipse.jdt.internal.junit.runner.RemoteTestRunner.run(RemoteTestRunner.java:464) [.cp/:?]
	at org.eclipse.jdt.internal.junit.runner.RemoteTestRunner.main(RemoteTestRunner.java:210) [.cp/:?]
2020-11-13T11:31:26,926 ERROR MatsimRuntimeModifications:99 ERROR --- MATSim unexpectedly terminated. Please check the output or the logfile with warnings and errors for hints.
2020-11-13T11:31:26,926 ERROR MatsimRuntimeModifications:100 ERROR --- results should not be used for further analysis.
2020-11-13T11:31:26,926 ERROR MatsimRuntimeModifications:104 ERROR --- This was an unexpected shutdown! See the log file for a possible reason.
